<?xml version="1.0" encoding="UTF-8"?>
<databaseChangeLog
		xmlns="http://www.liquibase.org/xml/ns/dbchangelog"
		xmlns:xsi="http://www.w3.org/2001/XMLSchema-instance"
		xsi:schemaLocation="http://www.liquibase.org/xml/ns/dbchangelog http://www.liquibase.org/xml/ns/dbchangelog/dbchangelog-3.0.xsd">

	<changeSet id="create OO_HILO table" author="test">
		<createTable tableName="OO_HILO">
			<column name="NEXT_HI" type="INT"/>
		</createTable>
		<insert tableName="OO_HILO">
			<column name="NEXT_HI" value="0"/>
		</insert>
	</changeSet>

</databaseChangeLog>